<?xml version="1.0" encoding="UTF-8"?>
<testsuite xmlns:xsi="http://www.w3.org/2001/XMLSchema-instance" xsi:noNamespaceSchemaLocation="https://maven.apache.org/surefire/maven-surefire-plugin/xsd/surefire-test-report.xsd" version="3.0.2" name="com.example.Gericare.GericareApplicationTests" time="7.523" tests="1" errors="0" skipped="0" failures="0">
  <properties>
[...]
</properties>
  <testcase name="contextLoads" classname="com.example.Gericare.GericareApplicationTests" time="0.42">
    <system-out><![CDATA[21:58:11.488 [main] INFO org.springframework.test.context.support.AnnotationConfigContextLoaderUtils -- Could not detect default configuration classes for test class [com.example.Gericare.GericareApplicationTests]: GericareApplicationTests does not declare any static, non-private, non-final, nested classes annotated with @Configuration.
21:58:11.590 [main] INFO org.springframework.boot.test.context.SpringBootTestContextBootstrapper -- Found @SpringBootConfiguration com.example.Gericare.GericareApplication for test class com.example.Gericare.GericareApplicationTests
21:58:11.721 [main] INFO org.springframework.boot.devtools.restart.RestartApplicationListener -- Restart disabled due to context in which it is running

  .   ____          _            __ _ _
 /\\ / ___'_ __ _ _(_)_ __  __ _ \ \ \ \
( ( )\___ | '_ | '_| | '_ \/ _` | \ \ \ \
 \\/  ___)| |_)| | | | | || (_| |  ) ) ) )
  '  |____| .__|_| |_|_| |_\__, | / / / /
 =========|_|==============|___/=/_/_/_/

 :: Spring Boot ::                (v3.4.0)

2026-02-10T21:58:11.998Z  INFO 4262 --- [Gericare] [           main] c.e.Gericare.GericareApplicationTests    : Starting GericareApplicationTests using Java 17.0.18 with PID 4262 (started by runner in /home/runner/work/GericareJava/GericareJava)
2026-02-10T21:58:12.000Z  INFO 4262 --- [Gericare] [           main] c.e.Gericare.GericareApplicationTests    : No active profile set, falling back to 1 default profile: "default"
2026-02-10T21:58:12.783Z  INFO 4262 --- [Gericare] [           main] .s.d.r.c.RepositoryConfigurationDelegate : Bootstrapping Spring Data JPA repositories in DEFAULT mode.
2026-02-10T21:58:12.872Z  INFO 4262 --- [Gericare] [           main] .s.d.r.c.RepositoryConfigurationDelegate : Finished Spring Data repository scanning in 80 ms. Found 10 JPA repository interfaces.
2026-02-10T21:58:13.371Z  INFO 4262 --- [Gericare] [           main] o.hibernate.jpa.internal.util.LogHelper  : HHH000204: Processing PersistenceUnitInfo [name: default]
2026-02-10T21:58:13.408Z  INFO 4262 --- [Gericare] [           main] org.hibernate.Version                    : HHH000412: Hibernate ORM core version 6.6.2.Final
2026-02-10T21:58:13.430Z  INFO 4262 --- [Gericare] [           main] o.h.c.internal.RegionFactoryInitiator    : HHH000026: Second-level cache disabled
2026-02-10T21:58:13.638Z  INFO 4262 --- [Gericare] [           main] o.s.o.j.p.SpringPersistenceUnitInfo      : No LoadTimeWeaver setup: ignoring JPA class transformer
2026-02-10T21:58:13.658Z  INFO 4262 --- [Gericare] [           main] com.zaxxer.hikari.HikariDataSource       : HikariPool-1 - Starting...
2026-02-10T21:58:13.788Z  INFO 4262 --- [Gericare] [           main] com.zaxxer.hikari.pool.HikariPool        : HikariPool-1 - Added connection conn0: url=jdbc:h2:mem:testdb user=SA
2026-02-10T21:58:13.790Z  INFO 4262 --- [Gericare] [           main] com.zaxxer.hikari.HikariDataSource       : HikariPool-1 - Start completed.
2026-02-10T21:58:13.807Z  WARN 4262 --- [Gericare] [           main] org.hibernate.orm.deprecation            : HHH90000025: H2Dialect does not need to be specified explicitly using 'hibernate.dialect' (remove the property setting and it will be selected by default)
2026-02-10T21:58:13.825Z  INFO 4262 --- [Gericare] [           main] org.hibernate.orm.connections.pooling    : HHH10001005: Database info:
	Database JDBC URL [Connecting through datasource 'HikariDataSource (HikariPool-1)']
	Database driver: undefined/unknown
	Database version: 2.3.232
	Autocommit mode: undefined/unknown
	Isolation level: undefined/unknown
	Minimum pool size: undefined/unknown
	Maximum pool size: undefined/unknown
2026-02-10T21:58:15.038Z  INFO 4262 --- [Gericare] [           main] o.h.e.t.j.p.i.JtaPlatformInitiator       : HHH000489: No JTA platform available (set 'hibernate.transaction.jta.platform' to enable JTA platform integration)
Hibernate: 
    create table paciente_asignado (
        id_asignacion bigint generated by default as identity,
        estado enum ('Activo','Inactivo') not null,
        fecha_creacion timestamp(6) not null,
        id_admin_creador bigint not null,
        id_cuidador bigint not null,
        id_familiar bigint,
        id_paciente bigint not null,
        primary key (id_asignacion)
    )
Hibernate: 
    create table tb_actividad (
        id_actividad bigint generated by default as identity,
        descripcion_actividad TEXT,
        estado_actividad enum ('Completada','Inactivo','Pendiente','Vencida') not null,
        fecha_actividad date not null,
        hora_fin time(6),
        hora_inicio time(6),
        tipo_actividad varchar(100) not null,
        id_usuario_administrador bigint not null,
        id_paciente bigint not null,
        primary key (id_actividad)
    )
Hibernate: 
    create table tb_historia_clinica (
        id_historia_clinica bigint generated by default as identity,
        alergias TEXT,
        antecedentes_medicos TEXT,
        condiciones TEXT,
        dietas_especiales TEXT,
        estado enum ('Activo','Inactivo') not null,
        estado_salud TEXT,
        fecha_ultima_consulta date,
        observaciones TEXT,
        id_usuario_administrador bigint,
        id_paciente bigint not null,
        primary key (id_historia_clinica)
    )
Hibernate: 
    create table tb_historia_clinica_cirugia (
        id_cirugia bigint generated by default as identity,
        descripcion_cirugia varchar(250) not null,
        estado enum ('Activo','Inactivo') not null,
        fecha_cirugia date,
        observaciones TEXT,
        id_historia_clinica bigint not null,
        primary key (id_cirugia)
    )
Hibernate: 
    create table tb_historia_clinica_enfermedad (
        id_hc_enfermedad bigint generated by default as identity,
        descripcion_enfermedad varchar(250) not null,
        estado enum ('Activo','Inactivo') not null,
        fecha_diagnostico date,
        observaciones TEXT,
        id_historia_clinica bigint not null,
        primary key (id_hc_enfermedad)
    )
Hibernate: 
    create table tb_historia_clinica_medicamento (
        id_hc_medicamento bigint generated by default as identity,
        dosis varchar(100),
        estado enum ('Activo','Inactivo') not null,
        frecuencia varchar(100),
        instrucciones varchar(250),
        id_historia_clinica bigint not null,
        id_medicamento bigint not null,
        primary key (id_hc_medicamento)
    )
Hibernate: 
    create table tb_medicamento (
        id_medicamento bigint generated by default as identity,
        descripcion_medicamento varchar(250) not null,
        estado enum ('Activo','Inactivo') not null,
        nombre_medicamento varchar(100) not null,
        primary key (id_medicamento)
    )
Hibernate: 
    create table tb_paciente (
        id_paciente bigint generated by default as identity,
        apellido varchar(50) not null,
        contacto_emergencia varchar(20) not null,
        documento_identificacion varchar(255) not null,
        estado enum ('Activo','Inactivo') not null,
        estado_civil tinyint not null check (estado_civil between 0 and 4),
        fecha_nacimiento date not null,
        genero enum ('Femenino','Masculino') not null,
        nombre varchar(50) not null,
        numero_seguro varchar(50),
        seguro_medico varchar(100),
        tipo_sangre varchar(255) not null,
        primary key (id_paciente)
    )
Hibernate: 
    create table tb_rol (
        id_rol bigint generated by default as identity,
        descripcion_rol varchar(255),
        nombre_rol enum ('Administrador','Cuidador','Familiar') not null,
        primary key (id_rol)
    )
Hibernate: 
    create table tb_solicitud (
        id_solicitud bigint generated by default as identity,
        detalle_otro varchar(255),
        estado_solicitud enum ('Aprobada','Inactivo','Pendiente','Rechazada') not null,
        fecha_solicitud timestamp(6) not null,
        motivo_solicitud TEXT not null,
        tipo_solicitud enum ('Otro','Retiro','Salida') not null,
        id_usuario_administrador bigint,
        id_usuario_familiar bigint not null,
        id_paciente bigint not null,
        primary key (id_solicitud)
    )
Hibernate: 
    create table tb_tratamiento (
        id_tratamiento bigint generated by default as identity,
        descripcion TEXT not null,
        estado_tratamiento enum ('Completada','Inactivo','Pendiente','Vencida') not null,
        fecha_fin date,
        fecha_inicio date not null,
        instrucciones_especiales TEXT,
        observaciones TEXT,
        id_usuario_administrador bigint not null,
        id_usuario_cuidador bigint not null,
        id_paciente bigint not null,
        primary key (id_tratamiento)
    )
Hibernate: 
    create table telefonos (
        id_telefono bigint generated by default as identity,
        numero varchar(255),
        id_usuario bigint not null,
        primary key (id_telefono)
    )
Hibernate: 
    create table usuarios (
        rol_tipo varchar(31) not null,
        id_usuario bigint generated by default as identity,
        apellido varchar(255) not null,
        contrasena varchar(255) not null,
        correo_electronico varchar(255) not null,
        direccion varchar(255) not null,
        documento_identificacion varchar(15) not null,
        estado enum ('Activo','Inactivo'),
        necesita_cambio_contrasena boolean not null,
        nombre varchar(255) not null,
        reset_password_token varchar(255),
        reset_password_token_expiry_date timestamp(6),
        tipo_documento enum ('CC','CE','PA') not null,
        contacto_emergencia varchar(255),
        fecha_contratacion date,
        fecha_nacimiento date,
        tipo_contrato enum ('OBRA_LABOR','PRESTACION_DE_SERVICIOS','TERMINO_FIJO','TERMINO_INDEFINIDO'),
        parentesco varchar(255),
        id_rol bigint not null,
        primary key (id_usuario)
    )
Hibernate: 
    alter table if exists tb_historia_clinica 
       drop constraint if exists UKqir4qu6yc5oicxt4m7kv9x43f
Hibernate: 
    alter table if exists tb_historia_clinica 
       add constraint UKqir4qu6yc5oicxt4m7kv9x43f unique (id_paciente)
Hibernate: 
    alter table if exists tb_paciente 
       drop constraint if exists UK5bipqyg0vtvr8b78s1iw2ykyg
Hibernate: 
    alter table if exists tb_paciente 
       add constraint UK5bipqyg0vtvr8b78s1iw2ykyg unique (documento_identificacion)
Hibernate: 
    alter table if exists usuarios 
       drop constraint if exists UKduxldumspflsqyka52vo72hse
Hibernate: 
    alter table if exists usuarios 
       add constraint UKduxldumspflsqyka52vo72hse unique (correo_electronico)
Hibernate: 
    alter table if exists usuarios 
       drop constraint if exists UKi1hsgf108wkquy5gsyka780ko
Hibernate: 
    alter table if exists usuarios 
       add constraint UKi1hsgf108wkquy5gsyka780ko unique (documento_identificacion)
Hibernate: 
    alter table if exists paciente_asignado 
       add constraint FK25c77jte8ne9nw50p1xuwyr6s 
       foreign key (id_admin_creador) 
       references usuarios
Hibernate: 
    alter table if exists paciente_asignado 
       add constraint FKdr9128p1h6wh5yl219uovi6ir 
       foreign key (id_cuidador) 
       references usuarios
Hibernate: 
    alter table if exists paciente_asignado 
       add constraint FKcq944pix0d4ul8hv076hiybpd 
       foreign key (id_familiar) 
       references usuarios
Hibernate: 
    alter table if exists paciente_asignado 
       add constraint FKmkm7rgxfiqsaxdgyn23q8t4w7 
       foreign key (id_paciente) 
       references tb_paciente
Hibernate: 
    alter table if exists tb_actividad 
       add constraint FKghpd1abnm1ly4jsdtb9p3yl68 
       foreign key (id_usuario_administrador) 
       references usuarios
Hibernate: 
    alter table if exists tb_actividad 
       add constraint FKflgie3inqtsg2l60s3tbpxlcj 
       foreign key (id_paciente) 
       references tb_paciente
Hibernate: 
    alter table if exists tb_historia_clinica 
       add constraint FKfi7w3roxm85x7cry7o9w140d0 
       foreign key (id_usuario_administrador) 
       references usuarios
Hibernate: 
    alter table if exists tb_historia_clinica 
       add constraint FKe11xo5l74ytem0t1rmwv9kyte 
       foreign key (id_paciente) 
       references tb_paciente
Hibernate: 
    alter table if exists tb_historia_clinica_cirugia 
       add constraint FKbt7h48lo6mqttciuc81jm506j 
       foreign key (id_historia_clinica) 
       references tb_historia_clinica
Hibernate: 
    alter table if exists tb_historia_clinica_enfermedad 
       add constraint FKl6k3cl1qa7lmvuf68v6yj0gxk 
       foreign key (id_historia_clinica) 
       references tb_historia_clinica
Hibernate: 
    alter table if exists tb_historia_clinica_medicamento 
       add constraint FKtjpkgxo9pnykq8uf49pfl1was 
       foreign key (id_historia_clinica) 
       references tb_historia_clinica
Hibernate: 
    alter table if exists tb_historia_clinica_medicamento 
       add constraint FK5894nuv16jlx422x0y51os8uy 
       foreign key (id_medicamento) 
       references tb_medicamento
Hibernate: 
    alter table if exists tb_solicitud 
       add constraint FKpwb90b1bwdc0ui2pccuuayp0k 
       foreign key (id_usuario_administrador) 
       references usuarios
Hibernate: 
    alter table if exists tb_solicitud 
       add constraint FKeqg2focomlcnav4ksjqgva8yr 
       foreign key (id_usuario_familiar) 
       references usuarios
Hibernate: 
    alter table if exists tb_solicitud 
       add constraint FK3jmuaytesk9vfks1a90ekjiqp 
       foreign key (id_paciente) 
       references tb_paciente
Hibernate: 
    alter table if exists tb_tratamiento 
       add constraint FKtrvbd9bl0yyjxljf775dv7wd0 
       foreign key (id_usuario_administrador) 
       references usuarios
Hibernate: 
    alter table if exists tb_tratamiento 
       add constraint FK6yxatq1u2imtq6m8idpyfhoom 
       foreign key (id_usuario_cuidador) 
       references usuarios
Hibernate: 
    alter table if exists tb_tratamiento 
       add constraint FK4g4sa4xs7uvu7tgfbmvcu9pw8 
       foreign key (id_paciente) 
       references tb_paciente
Hibernate: 
    alter table if exists telefonos 
       add constraint FK3n9f0w8g13kgnbsuch7xtkel0 
       foreign key (id_usuario) 
       references usuarios
Hibernate: 
    alter table if exists usuarios 
       add constraint FKkjhfr89l6mggcfgefl2r8rymk 
       foreign key (id_rol) 
       references tb_rol
2026-02-10T21:58:15.157Z  INFO 4262 --- [Gericare] [           main] j.LocalContainerEntityManagerFactoryBean : Initialized JPA EntityManagerFactory for persistence unit 'default'
2026-02-10T21:58:15.421Z  INFO 4262 --- [Gericare] [           main] o.s.d.j.r.query.QueryEnhancerFactory     : Hibernate is in classpath; If applicable, HQL parser will be used.
2026-02-10T21:58:16.716Z  WARN 4262 --- [Gericare] [           main] JpaBaseConfiguration$JpaWebConfiguration : spring.jpa.open-in-view is enabled by default. Therefore, database queries may be performed during view rendering. Explicitly configure spring.jpa.open-in-view to disable this warning
2026-02-10T21:58:16.749Z  INFO 4262 --- [Gericare] [           main] r$InitializeUserDetailsManagerConfigurer : Global AuthenticationManager configured with UserDetailsService bean with name usuarioDetallesServiceImpl
2026-02-10T21:58:16.822Z  INFO 4262 --- [Gericare] [           main] o.s.b.a.w.s.WelcomePageHandlerMapping    : Adding welcome page template: index
2026-02-10T21:58:17.460Z  INFO 4262 --- [Gericare] [           main] o.s.b.a.h2.H2ConsoleAutoConfiguration    : H2 console available at '/h2-console'. Database available at 'jdbc:h2:mem:testdb'
2026-02-10T21:58:17.538Z  INFO 4262 --- [Gericare] [           main] c.e.Gericare.GericareApplicationTests    : Started GericareApplicationTests in 5.826 seconds (process running for 6.673)
Hibernate: 
    select
        r1_0.id_rol,
        r1_0.descripcion_rol,
        r1_0.nombre_rol 
    from
        tb_rol r1_0 
    where
        r1_0.nombre_rol=?
Hibernate: 
    insert 
    into
        tb_rol
        (descripcion_rol, nombre_rol, id_rol) 
    values
        (?, ?, default)
Rol por defecto creado: Familiar
Hibernate: 
    select
        r1_0.id_rol,
        r1_0.descripcion_rol,
        r1_0.nombre_rol 
    from
        tb_rol r1_0 
    where
        r1_0.nombre_rol=?
Hibernate: 
    insert 
    into
        tb_rol
        (descripcion_rol, nombre_rol, id_rol) 
    values
        (?, ?, default)
Rol por defecto creado: Cuidador
Hibernate: 
    select
        r1_0.id_rol,
        r1_0.descripcion_rol,
        r1_0.nombre_rol 
    from
        tb_rol r1_0 
    where
        r1_0.nombre_rol=?
Hibernate: 
    insert 
    into
        tb_rol
        (descripcion_rol, nombre_rol, id_rol) 
    values
        (?, ?, default)
Rol por defecto creado: Administrador
Hibernate: 
    select
        u1_0.id_usuario,
        u1_0.rol_tipo,
        u1_0.apellido,
        u1_0.contrasena,
        u1_0.correo_electronico,
        u1_0.direccion,
        u1_0.documento_identificacion,
        u1_0.estado,
        u1_0.necesita_cambio_contrasena,
        u1_0.nombre,
        u1_0.reset_password_token,
        u1_0.reset_password_token_expiry_date,
        u1_0.id_rol,
        u1_0.tipo_documento,
        u1_0.contacto_emergencia,
        u1_0.fecha_contratacion,
        u1_0.fecha_nacimiento,
        u1_0.tipo_contrato,
        u1_0.parentesco 
    from
        usuarios u1_0 
    where
        (
            u1_0.estado = 'Activo'
        ) 
        and u1_0.correo_electronico=?
Hibernate: 
    select
        r1_0.id_rol,
        r1_0.descripcion_rol,
        r1_0.nombre_rol 
    from
        tb_rol r1_0 
    where
        r1_0.nombre_rol=?
Hibernate: 
    insert 
    into
        usuarios
        (apellido, contrasena, correo_electronico, direccion, documento_identificacion, estado, necesita_cambio_contrasena, nombre, reset_password_token, reset_password_token_expiry_date, id_rol, tipo_documento, contacto_emergencia, fecha_contratacion, fecha_nacimiento, tipo_contrato, rol_tipo, id_usuario) 
    values
        (?, ?, ?, ?, ?, ?, ?, ?, ?, ?, ?, ?, ?, ?, ?, ?, 'ADMINISTRADOR', default)
Hibernate: 
    insert 
    into
        telefonos
        (numero, id_usuario, id_telefono) 
    values
        (?, ?, default)
Usuario administrador por defecto creado.
Hibernate: 
    select
        u1_0.id_usuario,
        u1_0.rol_tipo,
        u1_0.apellido,
        u1_0.contrasena,
        u1_0.correo_electronico,
        u1_0.direccion,
        u1_0.documento_identificacion,
        u1_0.estado,
        u1_0.necesita_cambio_contrasena,
        u1_0.nombre,
        u1_0.reset_password_token,
        u1_0.reset_password_token_expiry_date,
        u1_0.id_rol,
        u1_0.tipo_documento,
        u1_0.contacto_emergencia,
        u1_0.fecha_contratacion,
        u1_0.fecha_nacimiento,
        u1_0.tipo_contrato,
        u1_0.parentesco 
    from
        usuarios u1_0 
    where
        (
            u1_0.estado = 'Activo'
        ) 
        and u1_0.correo_electronico=?
Hibernate: 
    select
        r1_0.id_rol,
        r1_0.descripcion_rol,
        r1_0.nombre_rol 
    from
        tb_rol r1_0 
    where
        r1_0.nombre_rol=?
Hibernate: 
    insert 
    into
        usuarios
        (apellido, contrasena, correo_electronico, direccion, documento_identificacion, estado, necesita_cambio_contrasena, nombre, reset_password_token, reset_password_token_expiry_date, id_rol, tipo_documento, contacto_emergencia, fecha_contratacion, fecha_nacimiento, tipo_contrato, rol_tipo, id_usuario) 
    values
        (?, ?, ?, ?, ?, ?, ?, ?, ?, ?, ?, ?, ?, ?, ?, ?, 'CUIDADOR', default)
Hibernate: 
    insert 
    into
        telefonos
        (numero, id_usuario, id_telefono) 
    values
        (?, ?, default)
Usuario cuidador por defecto creado: cuidador_1
Hibernate: 
    select
        u1_0.id_usuario,
        u1_0.rol_tipo,
        u1_0.apellido,
        u1_0.contrasena,
        u1_0.correo_electronico,
        u1_0.direccion,
        u1_0.documento_identificacion,
        u1_0.estado,
        u1_0.necesita_cambio_contrasena,
        u1_0.nombre,
        u1_0.reset_password_token,
        u1_0.reset_password_token_expiry_date,
        u1_0.id_rol,
        u1_0.tipo_documento,
        u1_0.contacto_emergencia,
        u1_0.fecha_contratacion,
        u1_0.fecha_nacimiento,
        u1_0.tipo_contrato,
        u1_0.parentesco 
    from
        usuarios u1_0 
    where
        (
            u1_0.estado = 'Activo'
        ) 
        and u1_0.correo_electronico=?
Hibernate: 
    select
        r1_0.id_rol,
        r1_0.descripcion_rol,
        r1_0.nombre_rol 
    from
        tb_rol r1_0 
    where
        r1_0.nombre_rol=?
Hibernate: 
    insert 
    into
        usuarios
        (apellido, contrasena, correo_electronico, direccion, documento_identificacion, estado, necesita_cambio_contrasena, nombre, reset_password_token, reset_password_token_expiry_date, id_rol, tipo_documento, contacto_emergencia, fecha_contratacion, fecha_nacimiento, tipo_contrato, rol_tipo, id_usuario) 
    values
        (?, ?, ?, ?, ?, ?, ?, ?, ?, ?, ?, ?, ?, ?, ?, ?, 'CUIDADOR', default)
Hibernate: 
    insert 
    into
        telefonos
        (numero, id_usuario, id_telefono) 
    values
        (?, ?, default)
Usuario cuidador por defecto creado: cuidador_2
Hibernate: 
    select
        u1_0.id_usuario,
        u1_0.rol_tipo,
        u1_0.apellido,
        u1_0.contrasena,
        u1_0.correo_electronico,
        u1_0.direccion,
        u1_0.documento_identificacion,
        u1_0.estado,
        u1_0.necesita_cambio_contrasena,
        u1_0.nombre,
        u1_0.reset_password_token,
        u1_0.reset_password_token_expiry_date,
        u1_0.id_rol,
        u1_0.tipo_documento,
        u1_0.contacto_emergencia,
        u1_0.fecha_contratacion,
        u1_0.fecha_nacimiento,
        u1_0.tipo_contrato,
        u1_0.parentesco 
    from
        usuarios u1_0 
    where
        (
            u1_0.estado = 'Activo'
        ) 
        and u1_0.correo_electronico=?
Hibernate: 
    select
        r1_0.id_rol,
        r1_0.descripcion_rol,
        r1_0.nombre_rol 
    from
        tb_rol r1_0 
    where
        r1_0.nombre_rol=?
Hibernate: 
    insert 
    into
        usuarios
        (apellido, contrasena, correo_electronico, direccion, documento_identificacion, estado, necesita_cambio_contrasena, nombre, reset_password_token, reset_password_token_expiry_date, id_rol, tipo_documento, contacto_emergencia, fecha_contratacion, fecha_nacimiento, tipo_contrato, rol_tipo, id_usuario) 
    values
        (?, ?, ?, ?, ?, ?, ?, ?, ?, ?, ?, ?, ?, ?, ?, ?, 'CUIDADOR', default)
Hibernate: 
    insert 
    into
        telefonos
        (numero, id_usuario, id_telefono) 
    values
        (?, ?, default)
Usuario cuidador por defecto creado: cuidador_3
Hibernate: 
    select
        u1_0.id_usuario,
        u1_0.rol_tipo,
        u1_0.apellido,
        u1_0.contrasena,
        u1_0.correo_electronico,
        u1_0.direccion,
        u1_0.documento_identificacion,
        u1_0.estado,
        u1_0.necesita_cambio_contrasena,
        u1_0.nombre,
        u1_0.reset_password_token,
        u1_0.reset_password_token_expiry_date,
        u1_0.id_rol,
        u1_0.tipo_documento,
        u1_0.contacto_emergencia,
        u1_0.fecha_contratacion,
        u1_0.fecha_nacimiento,
        u1_0.tipo_contrato,
        u1_0.parentesco 
    from
        usuarios u1_0 
    where
        (
            u1_0.estado = 'Activo'
        ) 
        and u1_0.correo_electronico=?
Hibernate: 
    select
        r1_0.id_rol,
        r1_0.descripcion_rol,
        r1_0.nombre_rol 
    from
        tb_rol r1_0 
    where
        r1_0.nombre_rol=?
Hibernate: 
    insert 
    into
        usuarios
        (apellido, contrasena, correo_electronico, direccion, documento_identificacion, estado, necesita_cambio_contrasena, nombre, reset_password_token, reset_password_token_expiry_date, id_rol, tipo_documento, parentesco, rol_tipo, id_usuario) 
    values
        (?, ?, ?, ?, ?, ?, ?, ?, ?, ?, ?, ?, ?, 'FAMILIAR', default)
Hibernate: 
    insert 
    into
        telefonos
        (numero, id_usuario, id_telefono) 
    values
        (?, ?, default)
Usuario familiar por defecto creado: familiar_1
Hibernate: 
    select
        u1_0.id_usuario,
        u1_0.rol_tipo,
        u1_0.apellido,
        u1_0.contrasena,
        u1_0.correo_electronico,
        u1_0.direccion,
        u1_0.documento_identificacion,
        u1_0.estado,
        u1_0.necesita_cambio_contrasena,
        u1_0.nombre,
        u1_0.reset_password_token,
        u1_0.reset_password_token_expiry_date,
        u1_0.id_rol,
        u1_0.tipo_documento,
        u1_0.contacto_emergencia,
        u1_0.fecha_contratacion,
        u1_0.fecha_nacimiento,
        u1_0.tipo_contrato,
        u1_0.parentesco 
    from
        usuarios u1_0 
    where
        (
            u1_0.estado = 'Activo'
        ) 
        and u1_0.correo_electronico=?
Hibernate: 
    select
        r1_0.id_rol,
        r1_0.descripcion_rol,
        r1_0.nombre_rol 
    from
        tb_rol r1_0 
    where
        r1_0.nombre_rol=?
Hibernate: 
    insert 
    into
        usuarios
        (apellido, contrasena, correo_electronico, direccion, documento_identificacion, estado, necesita_cambio_contrasena, nombre, reset_password_token, reset_password_token_expiry_date, id_rol, tipo_documento, parentesco, rol_tipo, id_usuario) 
    values
        (?, ?, ?, ?, ?, ?, ?, ?, ?, ?, ?, ?, ?, 'FAMILIAR', default)
Hibernate: 
    insert 
    into
        telefonos
        (numero, id_usuario, id_telefono) 
    values
        (?, ?, default)
Usuario familiar por defecto creado: familiar_2
Hibernate: 
    select
        u1_0.id_usuario,
        u1_0.rol_tipo,
        u1_0.apellido,
        u1_0.contrasena,
        u1_0.correo_electronico,
        u1_0.direccion,
        u1_0.documento_identificacion,
        u1_0.estado,
        u1_0.necesita_cambio_contrasena,
        u1_0.nombre,
        u1_0.reset_password_token,
        u1_0.reset_password_token_expiry_date,
        u1_0.id_rol,
        u1_0.tipo_documento,
        u1_0.contacto_emergencia,
        u1_0.fecha_contratacion,
        u1_0.fecha_nacimiento,
        u1_0.tipo_contrato,
        u1_0.parentesco 
    from
        usuarios u1_0 
    where
        (
            u1_0.estado = 'Activo'
        ) 
        and u1_0.correo_electronico=?
Hibernate: 
    select
        r1_0.id_rol,
        r1_0.descripcion_rol,
        r1_0.nombre_rol 
    from
        tb_rol r1_0 
    where
        r1_0.nombre_rol=?
Hibernate: 
    insert 
    into
        usuarios
        (apellido, contrasena, correo_electronico, direccion, documento_identificacion, estado, necesita_cambio_contrasena, nombre, reset_password_token, reset_password_token_expiry_date, id_rol, tipo_documento, parentesco, rol_tipo, id_usuario) 
    values
        (?, ?, ?, ?, ?, ?, ?, ?, ?, ?, ?, ?, ?, 'FAMILIAR', default)
Hibernate: 
    insert 
    into
        telefonos
        (numero, id_usuario, id_telefono) 
    values
        (?, ?, default)
Usuario familiar por defecto creado: familiar_3
Hibernate: 
    select
        u1_0.id_usuario,
        u1_0.rol_tipo,
        u1_0.apellido,
        u1_0.contrasena,
        u1_0.correo_electronico,
        u1_0.direccion,
        u1_0.documento_identificacion,
        u1_0.estado,
        u1_0.necesita_cambio_contrasena,
        u1_0.nombre,
        u1_0.reset_password_token,
        u1_0.reset_password_token_expiry_date,
        u1_0.id_rol,
        u1_0.tipo_documento,
        u1_0.contacto_emergencia,
        u1_0.fecha_contratacion,
        u1_0.fecha_nacimiento,
        u1_0.tipo_contrato,
        u1_0.parentesco 
    from
        usuarios u1_0 
    where
        (
            u1_0.estado = 'Activo'
        ) 
        and u1_0.correo_electronico=?
Hibernate: 
    select
        r1_0.id_rol,
        r1_0.descripcion_rol,
        r1_0.nombre_rol 
    from
        tb_rol r1_0 
    where
        r1_0.id_rol=?
Hibernate: 
    select
        p1_0.id_paciente,
        p1_0.apellido,
        p1_0.contacto_emergencia,
        p1_0.documento_identificacion,
        p1_0.estado,
        p1_0.estado_civil,
        p1_0.fecha_nacimiento,
        p1_0.genero,
        p1_0.nombre,
        p1_0.numero_seguro,
        p1_0.seguro_medico,
        p1_0.tipo_sangre 
    from
        tb_paciente p1_0 
    where
        p1_0.documento_identificacion=?
Hibernate: 
    select
        u1_0.id_usuario,
        u1_0.rol_tipo,
        u1_0.apellido,
        u1_0.contrasena,
        u1_0.correo_electronico,
        u1_0.direccion,
        u1_0.documento_identificacion,
        u1_0.estado,
        u1_0.necesita_cambio_contrasena,
        u1_0.nombre,
        u1_0.reset_password_token,
        u1_0.reset_password_token_expiry_date,
        u1_0.id_rol,
        u1_0.tipo_documento,
        u1_0.contacto_emergencia,
        u1_0.fecha_contratacion,
        u1_0.fecha_nacimiento,
        u1_0.tipo_contrato,
        u1_0.parentesco 
    from
        usuarios u1_0 
    where
        (
            u1_0.estado = 'Activo'
        ) 
        and u1_0.correo_electronico=?
Hibernate: 
    select
        r1_0.id_rol,
        r1_0.descripcion_rol,
        r1_0.nombre_rol 
    from
        tb_rol r1_0 
    where
        r1_0.id_rol=?
Hibernate: 
    select
        u1_0.id_usuario,
        u1_0.rol_tipo,
        u1_0.apellido,
        u1_0.contrasena,
        u1_0.correo_electronico,
        u1_0.direccion,
        u1_0.documento_identificacion,
        u1_0.estado,
        u1_0.necesita_cambio_contrasena,
        u1_0.nombre,
        u1_0.reset_password_token,
        u1_0.reset_password_token_expiry_date,
        u1_0.id_rol,
        u1_0.tipo_documento,
        u1_0.contacto_emergencia,
        u1_0.fecha_contratacion,
        u1_0.fecha_nacimiento,
        u1_0.tipo_contrato,
        u1_0.parentesco 
    from
        usuarios u1_0 
    where
        (
            u1_0.estado = 'Activo'
        ) 
        and u1_0.correo_electronico=?
Hibernate: 
    select
        r1_0.id_rol,
        r1_0.descripcion_rol,
        r1_0.nombre_rol 
    from
        tb_rol r1_0 
    where
        r1_0.id_rol=?
Hibernate: 
    insert 
    into
        tb_paciente
        (apellido, contacto_emergencia, documento_identificacion, estado, estado_civil, fecha_nacimiento, genero, nombre, numero_seguro, seguro_medico, tipo_sangre, id_paciente) 
    values
        (?, ?, ?, ?, ?, ?, ?, ?, ?, ?, ?, default)
Hibernate: 
    select
        p1_0.id_paciente,
        p1_0.apellido,
        p1_0.contacto_emergencia,
        p1_0.documento_identificacion,
        p1_0.estado,
        p1_0.estado_civil,
        p1_0.fecha_nacimiento,
        p1_0.genero,
        p1_0.nombre,
        p1_0.numero_seguro,
        p1_0.seguro_medico,
        p1_0.tipo_sangre 
    from
        tb_paciente p1_0 
    where
        p1_0.id_paciente=?
Hibernate: 
    select
        u1_0.id_usuario,
        u1_0.rol_tipo,
        u1_0.apellido,
        u1_0.contrasena,
        u1_0.correo_electronico,
        u1_0.direccion,
        u1_0.documento_identificacion,
        u1_0.estado,
        u1_0.necesita_cambio_contrasena,
        u1_0.nombre,
        u1_0.reset_password_token,
        u1_0.reset_password_token_expiry_date,
        u1_0.id_rol,
        r1_0.id_rol,
        r1_0.descripcion_rol,
        r1_0.nombre_rol,
        u1_0.tipo_documento,
        u1_0.contacto_emergencia,
        u1_0.fecha_contratacion,
        u1_0.fecha_nacimiento,
        u1_0.tipo_contrato,
        u1_0.parentesco 
    from
        usuarios u1_0 
    join
        tb_rol r1_0 
            on r1_0.id_rol=u1_0.id_rol 
    where
        u1_0.id_usuario=? 
        and (
            u1_0.estado = 'Activo'
        )
Hibernate: 
    select
        u1_0.id_usuario,
        u1_0.rol_tipo,
        u1_0.apellido,
        u1_0.contrasena,
        u1_0.correo_electronico,
        u1_0.direccion,
        u1_0.documento_identificacion,
        u1_0.estado,
        u1_0.necesita_cambio_contrasena,
        u1_0.nombre,
        u1_0.reset_password_token,
        u1_0.reset_password_token_expiry_date,
        u1_0.id_rol,
        r1_0.id_rol,
        r1_0.descripcion_rol,
        r1_0.nombre_rol,
        u1_0.tipo_documento,
        u1_0.contacto_emergencia,
        u1_0.fecha_contratacion,
        u1_0.fecha_nacimiento,
        u1_0.tipo_contrato,
        u1_0.parentesco 
    from
        usuarios u1_0 
    join
        tb_rol r1_0 
            on r1_0.id_rol=u1_0.id_rol 
    where
        u1_0.id_usuario=? 
        and (
            u1_0.estado = 'Activo'
        )
Hibernate: 
    select
        u1_0.id_usuario,
        u1_0.rol_tipo,
        u1_0.apellido,
        u1_0.contrasena,
        u1_0.correo_electronico,
        u1_0.direccion,
        u1_0.documento_identificacion,
        u1_0.estado,
        u1_0.necesita_cambio_contrasena,
        u1_0.nombre,
        u1_0.reset_password_token,
        u1_0.reset_password_token_expiry_date,
        u1_0.id_rol,
        r1_0.id_rol,
        r1_0.descripcion_rol,
        r1_0.nombre_rol,
        u1_0.tipo_documento,
        u1_0.contacto_emergencia,
        u1_0.fecha_contratacion,
        u1_0.fecha_nacimiento,
        u1_0.tipo_contrato,
        u1_0.parentesco 
    from
        usuarios u1_0 
    join
        tb_rol r1_0 
            on r1_0.id_rol=u1_0.id_rol 
    where
        u1_0.id_usuario=? 
        and (
            u1_0.estado = 'Activo'
        )
Hibernate: 
    select
        pa1_0.id_asignacion,
        pa1_0.id_admin_creador,
        pa1_0.id_cuidador,
        pa1_0.estado,
        pa1_0.id_familiar,
        pa1_0.fecha_creacion,
        pa1_0.id_paciente 
    from
        paciente_asignado pa1_0 
    where
        pa1_0.id_paciente=? 
        and pa1_0.estado=?
Hibernate: 
    insert 
    into
        paciente_asignado
        (id_admin_creador, id_cuidador, estado, id_familiar, fecha_creacion, id_paciente, id_asignacion) 
    values
        (?, ?, ?, ?, ?, ?, default)
Paciente 1 y asignación creados.
Hibernate: 
    select
        p1_0.id_paciente,
        p1_0.apellido,
        p1_0.contacto_emergencia,
        p1_0.documento_identificacion,
        p1_0.estado,
        p1_0.estado_civil,
        p1_0.fecha_nacimiento,
        p1_0.genero,
        p1_0.nombre,
        p1_0.numero_seguro,
        p1_0.seguro_medico,
        p1_0.tipo_sangre 
    from
        tb_paciente p1_0 
    where
        p1_0.documento_identificacion=?
Hibernate: 
    select
        u1_0.id_usuario,
        u1_0.rol_tipo,
        u1_0.apellido,
        u1_0.contrasena,
        u1_0.correo_electronico,
        u1_0.direccion,
        u1_0.documento_identificacion,
        u1_0.estado,
        u1_0.necesita_cambio_contrasena,
        u1_0.nombre,
        u1_0.reset_password_token,
        u1_0.reset_password_token_expiry_date,
        u1_0.id_rol,
        u1_0.tipo_documento,
        u1_0.contacto_emergencia,
        u1_0.fecha_contratacion,
        u1_0.fecha_nacimiento,
        u1_0.tipo_contrato,
        u1_0.parentesco 
    from
        usuarios u1_0 
    where
        (
            u1_0.estado = 'Activo'
        ) 
        and u1_0.correo_electronico=?
Hibernate: 
    select
        r1_0.id_rol,
        r1_0.descripcion_rol,
        r1_0.nombre_rol 
    from
        tb_rol r1_0 
    where
        r1_0.id_rol=?
Hibernate: 
    select
        u1_0.id_usuario,
        u1_0.rol_tipo,
        u1_0.apellido,
        u1_0.contrasena,
        u1_0.correo_electronico,
        u1_0.direccion,
        u1_0.documento_identificacion,
        u1_0.estado,
        u1_0.necesita_cambio_contrasena,
        u1_0.nombre,
        u1_0.reset_password_token,
        u1_0.reset_password_token_expiry_date,
        u1_0.id_rol,
        u1_0.tipo_documento,
        u1_0.contacto_emergencia,
        u1_0.fecha_contratacion,
        u1_0.fecha_nacimiento,
        u1_0.tipo_contrato,
        u1_0.parentesco 
    from
        usuarios u1_0 
    where
        (
            u1_0.estado = 'Activo'
        ) 
        and u1_0.correo_electronico=?
Hibernate: 
    select
        r1_0.id_rol,
        r1_0.descripcion_rol,
        r1_0.nombre_rol 
    from
        tb_rol r1_0 
    where
        r1_0.id_rol=?
Hibernate: 
    insert 
    into
        tb_paciente
        (apellido, contacto_emergencia, documento_identificacion, estado, estado_civil, fecha_nacimiento, genero, nombre, numero_seguro, seguro_medico, tipo_sangre, id_paciente) 
    values
        (?, ?, ?, ?, ?, ?, ?, ?, ?, ?, ?, default)
Hibernate: 
    select
        p1_0.id_paciente,
        p1_0.apellido,
        p1_0.contacto_emergencia,
        p1_0.documento_identificacion,
        p1_0.estado,
        p1_0.estado_civil,
        p1_0.fecha_nacimiento,
        p1_0.genero,
        p1_0.nombre,
        p1_0.numero_seguro,
        p1_0.seguro_medico,
        p1_0.tipo_sangre 
    from
        tb_paciente p1_0 
    where
        p1_0.id_paciente=?
Hibernate: 
    select
        u1_0.id_usuario,
        u1_0.rol_tipo,
        u1_0.apellido,
        u1_0.contrasena,
        u1_0.correo_electronico,
        u1_0.direccion,
        u1_0.documento_identificacion,
        u1_0.estado,
        u1_0.necesita_cambio_contrasena,
        u1_0.nombre,
        u1_0.reset_password_token,
        u1_0.reset_password_token_expiry_date,
        u1_0.id_rol,
        r1_0.id_rol,
        r1_0.descripcion_rol,
        r1_0.nombre_rol,
        u1_0.tipo_documento,
        u1_0.contacto_emergencia,
        u1_0.fecha_contratacion,
        u1_0.fecha_nacimiento,
        u1_0.tipo_contrato,
        u1_0.parentesco 
    from
        usuarios u1_0 
    join
        tb_rol r1_0 
            on r1_0.id_rol=u1_0.id_rol 
    where
        u1_0.id_usuario=? 
        and (
            u1_0.estado = 'Activo'
        )
Hibernate: 
    select
        u1_0.id_usuario,
        u1_0.rol_tipo,
        u1_0.apellido,
        u1_0.contrasena,
        u1_0.correo_electronico,
        u1_0.direccion,
        u1_0.documento_identificacion,
        u1_0.estado,
        u1_0.necesita_cambio_contrasena,
        u1_0.nombre,
        u1_0.reset_password_token,
        u1_0.reset_password_token_expiry_date,
        u1_0.id_rol,
        r1_0.id_rol,
        r1_0.descripcion_rol,
        r1_0.nombre_rol,
        u1_0.tipo_documento,
        u1_0.contacto_emergencia,
        u1_0.fecha_contratacion,
        u1_0.fecha_nacimiento,
        u1_0.tipo_contrato,
        u1_0.parentesco 
    from
        usuarios u1_0 
    join
        tb_rol r1_0 
            on r1_0.id_rol=u1_0.id_rol 
    where
        u1_0.id_usuario=? 
        and (
            u1_0.estado = 'Activo'
        )
Hibernate: 
    select
        u1_0.id_usuario,
        u1_0.rol_tipo,
        u1_0.apellido,
        u1_0.contrasena,
        u1_0.correo_electronico,
        u1_0.direccion,
        u1_0.documento_identificacion,
        u1_0.estado,
        u1_0.necesita_cambio_contrasena,
        u1_0.nombre,
        u1_0.reset_password_token,
        u1_0.reset_password_token_expiry_date,
        u1_0.id_rol,
        r1_0.id_rol,
        r1_0.descripcion_rol,
        r1_0.nombre_rol,
        u1_0.tipo_documento,
        u1_0.contacto_emergencia,
        u1_0.fecha_contratacion,
        u1_0.fecha_nacimiento,
        u1_0.tipo_contrato,
        u1_0.parentesco 
    from
        usuarios u1_0 
    join
        tb_rol r1_0 
            on r1_0.id_rol=u1_0.id_rol 
    where
        u1_0.id_usuario=? 
        and (
            u1_0.estado = 'Activo'
        )
Hibernate: 
    select
        pa1_0.id_asignacion,
        pa1_0.id_admin_creador,
        pa1_0.id_cuidador,
        pa1_0.estado,
        pa1_0.id_familiar,
        pa1_0.fecha_creacion,
        pa1_0.id_paciente 
    from
        paciente_asignado pa1_0 
    where
        pa1_0.id_paciente=? 
        and pa1_0.estado=?
Hibernate: 
    insert 
    into
        paciente_asignado
        (id_admin_creador, id_cuidador, estado, id_familiar, fecha_creacion, id_paciente, id_asignacion) 
    values
        (?, ?, ?, ?, ?, ?, default)
Paciente 2 y asignación creados.
Hibernate: 
    select
        p1_0.id_paciente,
        p1_0.apellido,
        p1_0.contacto_emergencia,
        p1_0.documento_identificacion,
        p1_0.estado,
        p1_0.estado_civil,
        p1_0.fecha_nacimiento,
        p1_0.genero,
        p1_0.nombre,
        p1_0.numero_seguro,
        p1_0.seguro_medico,
        p1_0.tipo_sangre 
    from
        tb_paciente p1_0 
    where
        p1_0.documento_identificacion=?
Hibernate: 
    select
        u1_0.id_usuario,
        u1_0.rol_tipo,
        u1_0.apellido,
        u1_0.contrasena,
        u1_0.correo_electronico,
        u1_0.direccion,
        u1_0.documento_identificacion,
        u1_0.estado,
        u1_0.necesita_cambio_contrasena,
        u1_0.nombre,
        u1_0.reset_password_token,
        u1_0.reset_password_token_expiry_date,
        u1_0.id_rol,
        u1_0.tipo_documento,
        u1_0.contacto_emergencia,
        u1_0.fecha_contratacion,
        u1_0.fecha_nacimiento,
        u1_0.tipo_contrato,
        u1_0.parentesco 
    from
        usuarios u1_0 
    where
        (
            u1_0.estado = 'Activo'
        ) 
        and u1_0.correo_electronico=?
Hibernate: 
    select
        r1_0.id_rol,
        r1_0.descripcion_rol,
        r1_0.nombre_rol 
    from
        tb_rol r1_0 
    where
        r1_0.id_rol=?
Hibernate: 
    insert 
    into
        tb_paciente
        (apellido, contacto_emergencia, documento_identificacion, estado, estado_civil, fecha_nacimiento, genero, nombre, numero_seguro, seguro_medico, tipo_sangre, id_paciente) 
    values
        (?, ?, ?, ?, ?, ?, ?, ?, ?, ?, ?, default)
Hibernate: 
    select
        p1_0.id_paciente,
        p1_0.apellido,
        p1_0.contacto_emergencia,
        p1_0.documento_identificacion,
        p1_0.estado,
        p1_0.estado_civil,
        p1_0.fecha_nacimiento,
        p1_0.genero,
        p1_0.nombre,
        p1_0.numero_seguro,
        p1_0.seguro_medico,
        p1_0.tipo_sangre 
    from
        tb_paciente p1_0 
    where
        p1_0.id_paciente=?
Hibernate: 
    select
        u1_0.id_usuario,
        u1_0.rol_tipo,
        u1_0.apellido,
        u1_0.contrasena,
        u1_0.correo_electronico,
        u1_0.direccion,
        u1_0.documento_identificacion,
        u1_0.estado,
        u1_0.necesita_cambio_contrasena,
        u1_0.nombre,
        u1_0.reset_password_token,
        u1_0.reset_password_token_expiry_date,
        u1_0.id_rol,
        r1_0.id_rol,
        r1_0.descripcion_rol,
        r1_0.nombre_rol,
        u1_0.tipo_documento,
        u1_0.contacto_emergencia,
        u1_0.fecha_contratacion,
        u1_0.fecha_nacimiento,
        u1_0.tipo_contrato,
        u1_0.parentesco 
    from
        usuarios u1_0 
    join
        tb_rol r1_0 
            on r1_0.id_rol=u1_0.id_rol 
    where
        u1_0.id_usuario=? 
        and (
            u1_0.estado = 'Activo'
        )
Hibernate: 
    select
        u1_0.id_usuario,
        u1_0.rol_tipo,
        u1_0.apellido,
        u1_0.contrasena,
        u1_0.correo_electronico,
        u1_0.direccion,
        u1_0.documento_identificacion,
        u1_0.estado,
        u1_0.necesita_cambio_contrasena,
        u1_0.nombre,
        u1_0.reset_password_token,
        u1_0.reset_password_token_expiry_date,
        u1_0.id_rol,
        r1_0.id_rol,
        r1_0.descripcion_rol,
        r1_0.nombre_rol,
        u1_0.tipo_documento,
        u1_0.contacto_emergencia,
        u1_0.fecha_contratacion,
        u1_0.fecha_nacimiento,
        u1_0.tipo_contrato,
        u1_0.parentesco 
    from
        usuarios u1_0 
    join
        tb_rol r1_0 
            on r1_0.id_rol=u1_0.id_rol 
    where
        u1_0.id_usuario=? 
        and (
            u1_0.estado = 'Activo'
        )
Hibernate: 
    select
        pa1_0.id_asignacion,
        pa1_0.id_admin_creador,
        pa1_0.id_cuidador,
        pa1_0.estado,
        pa1_0.id_familiar,
        pa1_0.fecha_creacion,
        pa1_0.id_paciente 
    from
        paciente_asignado pa1_0 
    where
        pa1_0.id_paciente=? 
        and pa1_0.estado=?
Hibernate: 
    insert 
    into
        paciente_asignado
        (id_admin_creador, id_cuidador, estado, id_familiar, fecha_creacion, id_paciente, id_asignacion) 
    values
        (?, ?, ?, ?, ?, ?, default)
Paciente 3 y asignación creados (sin familiar).
Hibernate: 
    select
        p1_0.id_paciente,
        p1_0.apellido,
        p1_0.contacto_emergencia,
        p1_0.documento_identificacion,
        p1_0.estado,
        p1_0.estado_civil,
        p1_0.fecha_nacimiento,
        p1_0.genero,
        p1_0.nombre,
        p1_0.numero_seguro,
        p1_0.seguro_medico,
        p1_0.tipo_sangre 
    from
        tb_paciente p1_0 
    where
        p1_0.documento_identificacion=?
Hibernate: 
    select
        u1_0.id_usuario,
        u1_0.rol_tipo,
        u1_0.apellido,
        u1_0.contrasena,
        u1_0.correo_electronico,
        u1_0.direccion,
        u1_0.documento_identificacion,
        u1_0.estado,
        u1_0.necesita_cambio_contrasena,
        u1_0.nombre,
        u1_0.reset_password_token,
        u1_0.reset_password_token_expiry_date,
        u1_0.id_rol,
        u1_0.tipo_documento,
        u1_0.contacto_emergencia,
        u1_0.fecha_contratacion,
        u1_0.fecha_nacimiento,
        u1_0.tipo_contrato,
        u1_0.parentesco 
    from
        usuarios u1_0 
    where
        (
            u1_0.estado = 'Activo'
        ) 
        and u1_0.correo_electronico=?
Hibernate: 
    select
        r1_0.id_rol,
        r1_0.descripcion_rol,
        r1_0.nombre_rol 
    from
        tb_rol r1_0 
    where
        r1_0.id_rol=?
Hibernate: 
    select
        u1_0.id_usuario,
        u1_0.rol_tipo,
        u1_0.apellido,
        u1_0.contrasena,
        u1_0.correo_electronico,
        u1_0.direccion,
        u1_0.documento_identificacion,
        u1_0.estado,
        u1_0.necesita_cambio_contrasena,
        u1_0.nombre,
        u1_0.reset_password_token,
        u1_0.reset_password_token_expiry_date,
        u1_0.id_rol,
        u1_0.tipo_documento,
        u1_0.contacto_emergencia,
        u1_0.fecha_contratacion,
        u1_0.fecha_nacimiento,
        u1_0.tipo_contrato,
        u1_0.parentesco 
    from
        usuarios u1_0 
    where
        (
            u1_0.estado = 'Activo'
        ) 
        and u1_0.correo_electronico=?
Hibernate: 
    select
        r1_0.id_rol,
        r1_0.descripcion_rol,
        r1_0.nombre_rol 
    from
        tb_rol r1_0 
    where
        r1_0.id_rol=?
Hibernate: 
    insert 
    into
        tb_paciente
        (apellido, contacto_emergencia, documento_identificacion, estado, estado_civil, fecha_nacimiento, genero, nombre, numero_seguro, seguro_medico, tipo_sangre, id_paciente) 
    values
        (?, ?, ?, ?, ?, ?, ?, ?, ?, ?, ?, default)
Hibernate: 
    select
        p1_0.id_paciente,
        p1_0.apellido,
        p1_0.contacto_emergencia,
        p1_0.documento_identificacion,
        p1_0.estado,
        p1_0.estado_civil,
        p1_0.fecha_nacimiento,
        p1_0.genero,
        p1_0.nombre,
        p1_0.numero_seguro,
        p1_0.seguro_medico,
        p1_0.tipo_sangre 
    from
        tb_paciente p1_0 
    where
        p1_0.id_paciente=?
Hibernate: 
    select
        u1_0.id_usuario,
        u1_0.rol_tipo,
        u1_0.apellido,
        u1_0.contrasena,
        u1_0.correo_electronico,
        u1_0.direccion,
        u1_0.documento_identificacion,
        u1_0.estado,
        u1_0.necesita_cambio_contrasena,
        u1_0.nombre,
        u1_0.reset_password_token,
        u1_0.reset_password_token_expiry_date,
        u1_0.id_rol,
        r1_0.id_rol,
        r1_0.descripcion_rol,
        r1_0.nombre_rol,
        u1_0.tipo_documento,
        u1_0.contacto_emergencia,
        u1_0.fecha_contratacion,
        u1_0.fecha_nacimiento,
        u1_0.tipo_contrato,
        u1_0.parentesco 
    from
        usuarios u1_0 
    join
        tb_rol r1_0 
            on r1_0.id_rol=u1_0.id_rol 
    where
        u1_0.id_usuario=? 
        and (
            u1_0.estado = 'Activo'
        )
Hibernate: 
    select
        u1_0.id_usuario,
        u1_0.rol_tipo,
        u1_0.apellido,
        u1_0.contrasena,
        u1_0.correo_electronico,
        u1_0.direccion,
        u1_0.documento_identificacion,
        u1_0.estado,
        u1_0.necesita_cambio_contrasena,
        u1_0.nombre,
        u1_0.reset_password_token,
        u1_0.reset_password_token_expiry_date,
        u1_0.id_rol,
        r1_0.id_rol,
        r1_0.descripcion_rol,
        r1_0.nombre_rol,
        u1_0.tipo_documento,
        u1_0.contacto_emergencia,
        u1_0.fecha_contratacion,
        u1_0.fecha_nacimiento,
        u1_0.tipo_contrato,
        u1_0.parentesco 
    from
        usuarios u1_0 
    join
        tb_rol r1_0 
            on r1_0.id_rol=u1_0.id_rol 
    where
        u1_0.id_usuario=? 
        and (
            u1_0.estado = 'Activo'
        )
Hibernate: 
    select
        u1_0.id_usuario,
        u1_0.rol_tipo,
        u1_0.apellido,
        u1_0.contrasena,
        u1_0.correo_electronico,
        u1_0.direccion,
        u1_0.documento_identificacion,
        u1_0.estado,
        u1_0.necesita_cambio_contrasena,
        u1_0.nombre,
        u1_0.reset_password_token,
        u1_0.reset_password_token_expiry_date,
        u1_0.id_rol,
        r1_0.id_rol,
        r1_0.descripcion_rol,
        r1_0.nombre_rol,
        u1_0.tipo_documento,
        u1_0.contacto_emergencia,
        u1_0.fecha_contratacion,
        u1_0.fecha_nacimiento,
        u1_0.tipo_contrato,
        u1_0.parentesco 
    from
        usuarios u1_0 
    join
        tb_rol r1_0 
            on r1_0.id_rol=u1_0.id_rol 
    where
        u1_0.id_usuario=? 
        and (
            u1_0.estado = 'Activo'
        )
Hibernate: 
    select
        pa1_0.id_asignacion,
        pa1_0.id_admin_creador,
        pa1_0.id_cuidador,
        pa1_0.estado,
        pa1_0.id_familiar,
        pa1_0.fecha_creacion,
        pa1_0.id_paciente 
    from
        paciente_asignado pa1_0 
    where
        pa1_0.id_paciente=? 
        and pa1_0.estado=?
Hibernate: 
    insert 
    into
        paciente_asignado
        (id_admin_creador, id_cuidador, estado, id_familiar, fecha_creacion, id_paciente, id_asignacion) 
    values
        (?, ?, ?, ?, ?, ?, default)
Hibernate: 
    select
        p1_0.id_paciente,
        p1_0.apellido,
        p1_0.contacto_emergencia,
        p1_0.documento_identificacion,
        p1_0.estado,
        p1_0.estado_civil,
        p1_0.fecha_nacimiento,
        p1_0.genero,
        p1_0.nombre,
        p1_0.numero_seguro,
        p1_0.seguro_medico,
        p1_0.tipo_sangre 
    from
        tb_paciente p1_0 
    where
        p1_0.documento_identificacion=?
Hibernate: 
    select
        u1_0.id_usuario,
        u1_0.rol_tipo,
        u1_0.apellido,
        u1_0.contrasena,
        u1_0.correo_electronico,
        u1_0.direccion,
        u1_0.documento_identificacion,
        u1_0.estado,
        u1_0.necesita_cambio_contrasena,
        u1_0.nombre,
        u1_0.reset_password_token,
        u1_0.reset_password_token_expiry_date,
        u1_0.id_rol,
        u1_0.tipo_documento,
        u1_0.contacto_emergencia,
        u1_0.fecha_contratacion,
        u1_0.fecha_nacimiento,
        u1_0.tipo_contrato,
        u1_0.parentesco 
    from
        usuarios u1_0 
    where
        (
            u1_0.estado = 'Activo'
        ) 
        and u1_0.correo_electronico=?
Hibernate: 
    select
        r1_0.id_rol,
        r1_0.descripcion_rol,
        r1_0.nombre_rol 
    from
        tb_rol r1_0 
    where
        r1_0.id_rol=?
Hibernate: 
    select
        u1_0.id_usuario,
        u1_0.rol_tipo,
        u1_0.apellido,
        u1_0.contrasena,
        u1_0.correo_electronico,
        u1_0.direccion,
        u1_0.documento_identificacion,
        u1_0.estado,
        u1_0.necesita_cambio_contrasena,
        u1_0.nombre,
        u1_0.reset_password_token,
        u1_0.reset_password_token_expiry_date,
        u1_0.id_rol,
        u1_0.tipo_documento,
        u1_0.contacto_emergencia,
        u1_0.fecha_contratacion,
        u1_0.fecha_nacimiento,
        u1_0.tipo_contrato,
        u1_0.parentesco 
    from
        usuarios u1_0 
    where
        (
            u1_0.estado = 'Activo'
        ) 
        and u1_0.correo_electronico=?
Hibernate: 
    select
        r1_0.id_rol,
        r1_0.descripcion_rol,
        r1_0.nombre_rol 
    from
        tb_rol r1_0 
    where
        r1_0.id_rol=?
Hibernate: 
    insert 
    into
        tb_paciente
        (apellido, contacto_emergencia, documento_identificacion, estado, estado_civil, fecha_nacimiento, genero, nombre, numero_seguro, seguro_medico, tipo_sangre, id_paciente) 
    values
        (?, ?, ?, ?, ?, ?, ?, ?, ?, ?, ?, default)
Hibernate: 
    select
        p1_0.id_paciente,
        p1_0.apellido,
        p1_0.contacto_emergencia,
        p1_0.documento_identificacion,
        p1_0.estado,
        p1_0.estado_civil,
        p1_0.fecha_nacimiento,
        p1_0.genero,
        p1_0.nombre,
        p1_0.numero_seguro,
        p1_0.seguro_medico,
        p1_0.tipo_sangre 
    from
        tb_paciente p1_0 
    where
        p1_0.id_paciente=?
Hibernate: 
    select
        u1_0.id_usuario,
        u1_0.rol_tipo,
        u1_0.apellido,
        u1_0.contrasena,
        u1_0.correo_electronico,
        u1_0.direccion,
        u1_0.documento_identificacion,
        u1_0.estado,
        u1_0.necesita_cambio_contrasena,
        u1_0.nombre,
        u1_0.reset_password_token,
        u1_0.reset_password_token_expiry_date,
        u1_0.id_rol,
        r1_0.id_rol,
        r1_0.descripcion_rol,
        r1_0.nombre_rol,
        u1_0.tipo_documento,
        u1_0.contacto_emergencia,
        u1_0.fecha_contratacion,
        u1_0.fecha_nacimiento,
        u1_0.tipo_contrato,
        u1_0.parentesco 
    from
        usuarios u1_0 
    join
        tb_rol r1_0 
            on r1_0.id_rol=u1_0.id_rol 
    where
        u1_0.id_usuario=? 
        and (
            u1_0.estado = 'Activo'
        )
Hibernate: 
    select
        u1_0.id_usuario,
        u1_0.rol_tipo,
        u1_0.apellido,
        u1_0.contrasena,
        u1_0.correo_electronico,
        u1_0.direccion,
        u1_0.documento_identificacion,
        u1_0.estado,
        u1_0.necesita_cambio_contrasena,
        u1_0.nombre,
        u1_0.reset_password_token,
        u1_0.reset_password_token_expiry_date,
        u1_0.id_rol,
        r1_0.id_rol,
        r1_0.descripcion_rol,
        r1_0.nombre_rol,
        u1_0.tipo_documento,
        u1_0.contacto_emergencia,
        u1_0.fecha_contratacion,
        u1_0.fecha_nacimiento,
        u1_0.tipo_contrato,
        u1_0.parentesco 
    from
        usuarios u1_0 
    join
        tb_rol r1_0 
            on r1_0.id_rol=u1_0.id_rol 
    where
        u1_0.id_usuario=? 
        and (
            u1_0.estado = 'Activo'
        )
Hibernate: 
    select
        u1_0.id_usuario,
        u1_0.rol_tipo,
        u1_0.apellido,
        u1_0.contrasena,
        u1_0.correo_electronico,
        u1_0.direccion,
        u1_0.documento_identificacion,
        u1_0.estado,
        u1_0.necesita_cambio_contrasena,
        u1_0.nombre,
        u1_0.reset_password_token,
        u1_0.reset_password_token_expiry_date,
        u1_0.id_rol,
        r1_0.id_rol,
        r1_0.descripcion_rol,
        r1_0.nombre_rol,
        u1_0.tipo_documento,
        u1_0.contacto_emergencia,
        u1_0.fecha_contratacion,
        u1_0.fecha_nacimiento,
        u1_0.tipo_contrato,
        u1_0.parentesco 
    from
        usuarios u1_0 
    join
        tb_rol r1_0 
            on r1_0.id_rol=u1_0.id_rol 
    where
        u1_0.id_usuario=? 
        and (
            u1_0.estado = 'Activo'
        )
Hibernate: 
    select
        pa1_0.id_asignacion,
        pa1_0.id_admin_creador,
        pa1_0.id_cuidador,
        pa1_0.estado,
        pa1_0.id_familiar,
        pa1_0.fecha_creacion,
        pa1_0.id_paciente 
    from
        paciente_asignado pa1_0 
    where
        pa1_0.id_paciente=? 
        and pa1_0.estado=?
Hibernate: 
    insert 
    into
        paciente_asignado
        (id_admin_creador, id_cuidador, estado, id_familiar, fecha_creacion, id_paciente, id_asignacion) 
    values
        (?, ?, ?, ?, ?, ?, default)
Hibernate: 
    select
        p1_0.id_paciente,
        p1_0.apellido,
        p1_0.contacto_emergencia,
        p1_0.documento_identificacion,
        p1_0.estado,
        p1_0.estado_civil,
        p1_0.fecha_nacimiento,
        p1_0.genero,
        p1_0.nombre,
        p1_0.numero_seguro,
        p1_0.seguro_medico,
        p1_0.tipo_sangre 
    from
        tb_paciente p1_0 
    where
        p1_0.documento_identificacion=?
Hibernate: 
    select
        u1_0.id_usuario,
        u1_0.rol_tipo,
        u1_0.apellido,
        u1_0.contrasena,
        u1_0.correo_electronico,
        u1_0.direccion,
        u1_0.documento_identificacion,
        u1_0.estado,
        u1_0.necesita_cambio_contrasena,
        u1_0.nombre,
        u1_0.reset_password_token,
        u1_0.reset_password_token_expiry_date,
        u1_0.id_rol,
        u1_0.tipo_documento,
        u1_0.contacto_emergencia,
        u1_0.fecha_contratacion,
        u1_0.fecha_nacimiento,
        u1_0.tipo_contrato,
        u1_0.parentesco 
    from
        usuarios u1_0 
    where
        (
            u1_0.estado = 'Activo'
        ) 
        and u1_0.correo_electronico=?
Hibernate: 
    select
        r1_0.id_rol,
        r1_0.descripcion_rol,
        r1_0.nombre_rol 
    from
        tb_rol r1_0 
    where
        r1_0.id_rol=?
Hibernate: 
    insert 
    into
        tb_paciente
        (apellido, contacto_emergencia, documento_identificacion, estado, estado_civil, fecha_nacimiento, genero, nombre, numero_seguro, seguro_medico, tipo_sangre, id_paciente) 
    values
        (?, ?, ?, ?, ?, ?, ?, ?, ?, ?, ?, default)
Hibernate: 
    select
        p1_0.id_paciente,
        p1_0.apellido,
        p1_0.contacto_emergencia,
        p1_0.documento_identificacion,
        p1_0.estado,
        p1_0.estado_civil,
        p1_0.fecha_nacimiento,
        p1_0.genero,
        p1_0.nombre,
        p1_0.numero_seguro,
        p1_0.seguro_medico,
        p1_0.tipo_sangre 
    from
        tb_paciente p1_0 
    where
        p1_0.id_paciente=?
Hibernate: 
    select
        u1_0.id_usuario,
        u1_0.rol_tipo,
        u1_0.apellido,
        u1_0.contrasena,
        u1_0.correo_electronico,
        u1_0.direccion,
        u1_0.documento_identificacion,
        u1_0.estado,
        u1_0.necesita_cambio_contrasena,
        u1_0.nombre,
        u1_0.reset_password_token,
        u1_0.reset_password_token_expiry_date,
        u1_0.id_rol,
        r1_0.id_rol,
        r1_0.descripcion_rol,
        r1_0.nombre_rol,
        u1_0.tipo_documento,
        u1_0.contacto_emergencia,
        u1_0.fecha_contratacion,
        u1_0.fecha_nacimiento,
        u1_0.tipo_contrato,
        u1_0.parentesco 
    from
        usuarios u1_0 
    join
        tb_rol r1_0 
            on r1_0.id_rol=u1_0.id_rol 
    where
        u1_0.id_usuario=? 
        and (
            u1_0.estado = 'Activo'
        )
Hibernate: 
    select
        u1_0.id_usuario,
        u1_0.rol_tipo,
        u1_0.apellido,
        u1_0.contrasena,
        u1_0.correo_electronico,
        u1_0.direccion,
        u1_0.documento_identificacion,
        u1_0.estado,
        u1_0.necesita_cambio_contrasena,
        u1_0.nombre,
        u1_0.reset_password_token,
        u1_0.reset_password_token_expiry_date,
        u1_0.id_rol,
        r1_0.id_rol,
        r1_0.descripcion_rol,
        r1_0.nombre_rol,
        u1_0.tipo_documento,
        u1_0.contacto_emergencia,
        u1_0.fecha_contratacion,
        u1_0.fecha_nacimiento,
        u1_0.tipo_contrato,
        u1_0.parentesco 
    from
        usuarios u1_0 
    join
        tb_rol r1_0 
            on r1_0.id_rol=u1_0.id_rol 
    where
        u1_0.id_usuario=? 
        and (
            u1_0.estado = 'Activo'
        )
Hibernate: 
    select
        pa1_0.id_asignacion,
        pa1_0.id_admin_creador,
        pa1_0.id_cuidador,
        pa1_0.estado,
        pa1_0.id_familiar,
        pa1_0.fecha_creacion,
        pa1_0.id_paciente 
    from
        paciente_asignado pa1_0 
    where
        pa1_0.id_paciente=? 
        and pa1_0.estado=?
Hibernate: 
    insert 
    into
        paciente_asignado
        (id_admin_creador, id_cuidador, estado, id_familiar, fecha_creacion, id_paciente, id_asignacion) 
    values
        (?, ?, ?, ?, ?, ?, default)
Hibernate: 
    select
        p1_0.id_paciente,
        p1_0.apellido,
        p1_0.contacto_emergencia,
        p1_0.documento_identificacion,
        p1_0.estado,
        p1_0.estado_civil,
        p1_0.fecha_nacimiento,
        p1_0.genero,
        p1_0.nombre,
        p1_0.numero_seguro,
        p1_0.seguro_medico,
        p1_0.tipo_sangre 
    from
        tb_paciente p1_0 
    where
        p1_0.documento_identificacion=?
Hibernate: 
    select
        u1_0.id_usuario,
        u1_0.rol_tipo,
        u1_0.apellido,
        u1_0.contrasena,
        u1_0.correo_electronico,
        u1_0.direccion,
        u1_0.documento_identificacion,
        u1_0.estado,
        u1_0.necesita_cambio_contrasena,
        u1_0.nombre,
        u1_0.reset_password_token,
        u1_0.reset_password_token_expiry_date,
        u1_0.id_rol,
        u1_0.tipo_documento,
        u1_0.contacto_emergencia,
        u1_0.fecha_contratacion,
        u1_0.fecha_nacimiento,
        u1_0.tipo_contrato,
        u1_0.parentesco 
    from
        usuarios u1_0 
    where
        (
            u1_0.estado = 'Activo'
        ) 
        and u1_0.correo_electronico=?
Hibernate: 
    select
        r1_0.id_rol,
        r1_0.descripcion_rol,
        r1_0.nombre_rol 
    from
        tb_rol r1_0 
    where
        r1_0.id_rol=?
Hibernate: 
    select
        u1_0.id_usuario,
        u1_0.rol_tipo,
        u1_0.apellido,
        u1_0.contrasena,
        u1_0.correo_electronico,
        u1_0.direccion,
        u1_0.documento_identificacion,
        u1_0.estado,
        u1_0.necesita_cambio_contrasena,
        u1_0.nombre,
        u1_0.reset_password_token,
        u1_0.reset_password_token_expiry_date,
        u1_0.id_rol,
        u1_0.tipo_documento,
        u1_0.contacto_emergencia,
        u1_0.fecha_contratacion,
        u1_0.fecha_nacimiento,
        u1_0.tipo_contrato,
        u1_0.parentesco 
    from
        usuarios u1_0 
    where
        (
            u1_0.estado = 'Activo'
        ) 
        and u1_0.correo_electronico=?
Hibernate: 
    select
        r1_0.id_rol,
        r1_0.descripcion_rol,
        r1_0.nombre_rol 
    from
        tb_rol r1_0 
    where
        r1_0.id_rol=?
Hibernate: 
    insert 
    into
        tb_paciente
        (apellido, contacto_emergencia, documento_identificacion, estado, estado_civil, fecha_nacimiento, genero, nombre, numero_seguro, seguro_medico, tipo_sangre, id_paciente) 
    values
        (?, ?, ?, ?, ?, ?, ?, ?, ?, ?, ?, default)
Hibernate: 
    select
        p1_0.id_paciente,
        p1_0.apellido,
        p1_0.contacto_emergencia,
        p1_0.documento_identificacion,
        p1_0.estado,
        p1_0.estado_civil,
        p1_0.fecha_nacimiento,
        p1_0.genero,
        p1_0.nombre,
        p1_0.numero_seguro,
        p1_0.seguro_medico,
        p1_0.tipo_sangre 
    from
        tb_paciente p1_0 
    where
        p1_0.id_paciente=?
Hibernate: 
    select
        u1_0.id_usuario,
        u1_0.rol_tipo,
        u1_0.apellido,
        u1_0.contrasena,
        u1_0.correo_electronico,
        u1_0.direccion,
        u1_0.documento_identificacion,
        u1_0.estado,
        u1_0.necesita_cambio_contrasena,
        u1_0.nombre,
        u1_0.reset_password_token,
        u1_0.reset_password_token_expiry_date,
        u1_0.id_rol,
        r1_0.id_rol,
        r1_0.descripcion_rol,
        r1_0.nombre_rol,
        u1_0.tipo_documento,
        u1_0.contacto_emergencia,
        u1_0.fecha_contratacion,
        u1_0.fecha_nacimiento,
        u1_0.tipo_contrato,
        u1_0.parentesco 
    from
        usuarios u1_0 
    join
        tb_rol r1_0 
            on r1_0.id_rol=u1_0.id_rol 
    where
        u1_0.id_usuario=? 
        and (
            u1_0.estado = 'Activo'
        )
Hibernate: 
    select
        u1_0.id_usuario,
        u1_0.rol_tipo,
        u1_0.apellido,
        u1_0.contrasena,
        u1_0.correo_electronico,
        u1_0.direccion,
        u1_0.documento_identificacion,
        u1_0.estado,
        u1_0.necesita_cambio_contrasena,
        u1_0.nombre,
        u1_0.reset_password_token,
        u1_0.reset_password_token_expiry_date,
        u1_0.id_rol,
        r1_0.id_rol,
        r1_0.descripcion_rol,
        r1_0.nombre_rol,
        u1_0.tipo_documento,
        u1_0.contacto_emergencia,
        u1_0.fecha_contratacion,
        u1_0.fecha_nacimiento,
        u1_0.tipo_contrato,
        u1_0.parentesco 
    from
        usuarios u1_0 
    join
        tb_rol r1_0 
            on r1_0.id_rol=u1_0.id_rol 
    where
        u1_0.id_usuario=? 
        and (
            u1_0.estado = 'Activo'
        )
Hibernate: 
    select
        u1_0.id_usuario,
        u1_0.rol_tipo,
        u1_0.apellido,
        u1_0.contrasena,
        u1_0.correo_electronico,
        u1_0.direccion,
        u1_0.documento_identificacion,
        u1_0.estado,
        u1_0.necesita_cambio_contrasena,
        u1_0.nombre,
        u1_0.reset_password_token,
        u1_0.reset_password_token_expiry_date,
        u1_0.id_rol,
        r1_0.id_rol,
        r1_0.descripcion_rol,
        r1_0.nombre_rol,
        u1_0.tipo_documento,
        u1_0.contacto_emergencia,
        u1_0.fecha_contratacion,
        u1_0.fecha_nacimiento,
        u1_0.tipo_contrato,
        u1_0.parentesco 
    from
        usuarios u1_0 
    join
        tb_rol r1_0 
            on r1_0.id_rol=u1_0.id_rol 
    where
        u1_0.id_usuario=? 
        and (
            u1_0.estado = 'Activo'
        )
Hibernate: 
    select
        pa1_0.id_asignacion,
        pa1_0.id_admin_creador,
        pa1_0.id_cuidador,
        pa1_0.estado,
        pa1_0.id_familiar,
        pa1_0.fecha_creacion,
        pa1_0.id_paciente 
    from
        paciente_asignado pa1_0 
    where
        pa1_0.id_paciente=? 
        and pa1_0.estado=?
Hibernate: 
    insert 
    into
        paciente_asignado
        (id_admin_creador, id_cuidador, estado, id_familiar, fecha_creacion, id_paciente, id_asignacion) 
    values
        (?, ?, ?, ?, ?, ?, default)
Hibernate: 
    select
        count(*) 
    from
        tb_actividad a1_0
Hibernate: 
    select
        p1_0.id_paciente,
        p1_0.apellido,
        p1_0.contacto_emergencia,
        p1_0.documento_identificacion,
        p1_0.estado,
        p1_0.estado_civil,
        p1_0.fecha_nacimiento,
        p1_0.genero,
        p1_0.nombre,
        p1_0.numero_seguro,
        p1_0.seguro_medico,
        p1_0.tipo_sangre 
    from
        tb_paciente p1_0 
    where
        p1_0.documento_identificacion=?
Hibernate: 
    select
        p1_0.id_paciente,
        p1_0.apellido,
        p1_0.contacto_emergencia,
        p1_0.documento_identificacion,
        p1_0.estado,
        p1_0.estado_civil,
        p1_0.fecha_nacimiento,
        p1_0.genero,
        p1_0.nombre,
        p1_0.numero_seguro,
        p1_0.seguro_medico,
        p1_0.tipo_sangre 
    from
        tb_paciente p1_0 
    where
        p1_0.documento_identificacion=?
Hibernate: 
    select
        p1_0.id_paciente,
        p1_0.apellido,
        p1_0.contacto_emergencia,
        p1_0.documento_identificacion,
        p1_0.estado,
        p1_0.estado_civil,
        p1_0.fecha_nacimiento,
        p1_0.genero,
        p1_0.nombre,
        p1_0.numero_seguro,
        p1_0.seguro_medico,
        p1_0.tipo_sangre 
    from
        tb_paciente p1_0 
    where
        p1_0.documento_identificacion=?
Hibernate: 
    select
        p1_0.id_paciente,
        p1_0.apellido,
        p1_0.contacto_emergencia,
        p1_0.documento_identificacion,
        p1_0.estado,
        p1_0.estado_civil,
        p1_0.fecha_nacimiento,
        p1_0.genero,
        p1_0.nombre,
        p1_0.numero_seguro,
        p1_0.seguro_medico,
        p1_0.tipo_sangre 
    from
        tb_paciente p1_0 
    where
        p1_0.documento_identificacion=?
Hibernate: 
    insert 
    into
        tb_actividad
        (id_usuario_administrador, descripcion_actividad, estado_actividad, fecha_actividad, hora_fin, hora_inicio, id_paciente, tipo_actividad, id_actividad) 
    values
        (?, ?, ?, ?, ?, ?, ?, ?, default)
Hibernate: 
    insert 
    into
        tb_actividad
        (id_usuario_administrador, descripcion_actividad, estado_actividad, fecha_actividad, hora_fin, hora_inicio, id_paciente, tipo_actividad, id_actividad) 
    values
        (?, ?, ?, ?, ?, ?, ?, ?, default)
Hibernate: 
    insert 
    into
        tb_actividad
        (id_usuario_administrador, descripcion_actividad, estado_actividad, fecha_actividad, hora_fin, hora_inicio, id_paciente, tipo_actividad, id_actividad) 
    values
        (?, ?, ?, ?, ?, ?, ?, ?, default)
Hibernate: 
    insert 
    into
        tb_actividad
        (id_usuario_administrador, descripcion_actividad, estado_actividad, fecha_actividad, hora_fin, hora_inicio, id_paciente, tipo_actividad, id_actividad) 
    values
        (?, ?, ?, ?, ?, ?, ?, ?, default)
Hibernate: 
    insert 
    into
        tb_actividad
        (id_usuario_administrador, descripcion_actividad, estado_actividad, fecha_actividad, hora_fin, hora_inicio, id_paciente, tipo_actividad, id_actividad) 
    values
        (?, ?, ?, ?, ?, ?, ?, ?, default)
Actividades por defecto creadas.
Hibernate: 
    select
        count(*) 
    from
        tb_solicitud s1_0 
    where
        (
            s1_0.estado_solicitud <> 'INACTIVO'
        )
Hibernate: 
    select
        count(*) 
    from
        tb_tratamiento t1_0 
    where
        (
            t1_0.estado_tratamiento <> 'Inactivo'
        )
Creando datos de ejemplo para Solicitudes y Tratamientos...
Hibernate: 
    select
        u1_0.id_usuario,
        u1_0.rol_tipo,
        u1_0.apellido,
        u1_0.contrasena,
        u1_0.correo_electronico,
        u1_0.direccion,
        u1_0.documento_identificacion,
        u1_0.estado,
        u1_0.necesita_cambio_contrasena,
        u1_0.nombre,
        u1_0.reset_password_token,
        u1_0.reset_password_token_expiry_date,
        u1_0.id_rol,
        u1_0.tipo_documento,
        u1_0.contacto_emergencia,
        u1_0.fecha_contratacion,
        u1_0.fecha_nacimiento,
        u1_0.tipo_contrato,
        u1_0.parentesco 
    from
        usuarios u1_0 
    where
        (
            u1_0.estado = 'Activo'
        ) 
        and u1_0.correo_electronico=?
Hibernate: 
    select
        r1_0.id_rol,
        r1_0.descripcion_rol,
        r1_0.nombre_rol 
    from
        tb_rol r1_0 
    where
        r1_0.id_rol=?
Hibernate: 
    select
        p1_0.id_paciente,
        p1_0.apellido,
        p1_0.contacto_emergencia,
        p1_0.documento_identificacion,
        p1_0.estado,
        p1_0.estado_civil,
        p1_0.fecha_nacimiento,
        p1_0.genero,
        p1_0.nombre,
        p1_0.numero_seguro,
        p1_0.seguro_medico,
        p1_0.tipo_sangre 
    from
        tb_paciente p1_0 
    where
        p1_0.documento_identificacion=?
Hibernate: 
    select
        p1_0.id_paciente,
        p1_0.apellido,
        p1_0.contacto_emergencia,
        p1_0.documento_identificacion,
        p1_0.estado,
        p1_0.estado_civil,
        p1_0.fecha_nacimiento,
        p1_0.genero,
        p1_0.nombre,
        p1_0.numero_seguro,
        p1_0.seguro_medico,
        p1_0.tipo_sangre 
    from
        tb_paciente p1_0 
    where
        p1_0.documento_identificacion=?
Hibernate: 
    select
        u1_0.id_usuario,
        u1_0.rol_tipo,
        u1_0.apellido,
        u1_0.contrasena,
        u1_0.correo_electronico,
        u1_0.direccion,
        u1_0.documento_identificacion,
        u1_0.estado,
        u1_0.necesita_cambio_contrasena,
        u1_0.nombre,
        u1_0.reset_password_token,
        u1_0.reset_password_token_expiry_date,
        u1_0.id_rol,
        u1_0.tipo_documento,
        u1_0.contacto_emergencia,
        u1_0.fecha_contratacion,
        u1_0.fecha_nacimiento,
        u1_0.tipo_contrato,
        u1_0.parentesco 
    from
        usuarios u1_0 
    where
        (
            u1_0.estado = 'Activo'
        ) 
        and u1_0.correo_electronico=?
Hibernate: 
    select
        r1_0.id_rol,
        r1_0.descripcion_rol,
        r1_0.nombre_rol 
    from
        tb_rol r1_0 
    where
        r1_0.id_rol=?
Hibernate: 
    select
        u1_0.id_usuario,
        u1_0.rol_tipo,
        u1_0.apellido,
        u1_0.contrasena,
        u1_0.correo_electronico,
        u1_0.direccion,
        u1_0.documento_identificacion,
        u1_0.estado,
        u1_0.necesita_cambio_contrasena,
        u1_0.nombre,
        u1_0.reset_password_token,
        u1_0.reset_password_token_expiry_date,
        u1_0.id_rol,
        u1_0.tipo_documento,
        u1_0.contacto_emergencia,
        u1_0.fecha_contratacion,
        u1_0.fecha_nacimiento,
        u1_0.tipo_contrato,
        u1_0.parentesco 
    from
        usuarios u1_0 
    where
        (
            u1_0.estado = 'Activo'
        ) 
        and u1_0.correo_electronico=?
Hibernate: 
    select
        r1_0.id_rol,
        r1_0.descripcion_rol,
        r1_0.nombre_rol 
    from
        tb_rol r1_0 
    where
        r1_0.id_rol=?
Hibernate: 
    select
        u1_0.id_usuario,
        u1_0.rol_tipo,
        u1_0.apellido,
        u1_0.contrasena,
        u1_0.correo_electronico,
        u1_0.direccion,
        u1_0.documento_identificacion,
        u1_0.estado,
        u1_0.necesita_cambio_contrasena,
        u1_0.nombre,
        u1_0.reset_password_token,
        u1_0.reset_password_token_expiry_date,
        u1_0.id_rol,
        u1_0.tipo_documento,
        u1_0.contacto_emergencia,
        u1_0.fecha_contratacion,
        u1_0.fecha_nacimiento,
        u1_0.tipo_contrato,
        u1_0.parentesco 
    from
        usuarios u1_0 
    where
        (
            u1_0.estado = 'Activo'
        ) 
        and u1_0.correo_electronico=?
Hibernate: 
    select
        r1_0.id_rol,
        r1_0.descripcion_rol,
        r1_0.nombre_rol 
    from
        tb_rol r1_0 
    where
        r1_0.id_rol=?
Hibernate: 
    insert 
    into
        tb_solicitud
        (id_usuario_administrador, detalle_otro, estado_solicitud, id_usuario_familiar, fecha_solicitud, motivo_solicitud, id_paciente, tipo_solicitud, id_solicitud) 
    values
        (?, ?, ?, ?, ?, ?, ?, ?, default)
Hibernate: 
    insert 
    into
        tb_tratamiento
        (id_usuario_administrador, id_usuario_cuidador, descripcion, estado_tratamiento, fecha_fin, fecha_inicio, instrucciones_especiales, observaciones, id_paciente, id_tratamiento) 
    values
        (?, ?, ?, ?, ?, ?, ?, ?, ?, default)
Hibernate: 
    insert 
    into
        tb_tratamiento
        (id_usuario_administrador, id_usuario_cuidador, descripcion, estado_tratamiento, fecha_fin, fecha_inicio, instrucciones_especiales, observaciones, id_paciente, id_tratamiento) 
    values
        (?, ?, ?, ?, ?, ?, ?, ?, ?, default)
Datos de ejemplo para Solicitud y Tratamiento creados.
]]></system-out>
  </testcase>
</testsuite>